123

_##__####_###__#__#_###__####_###____##_###___###_
#__#_#____#__#_#__#_#__#____#_#__#____#_#__#_#____
#__#_###__###__#__#_#__#___#__###_____#_#__#_#____
####_#____#__#_#__#_###___#___#__#____#_###___##__
#__#_#____#__#_#__#_#____#____#__#_#__#_#_______#_
#__#_#____###___##__#____####_###___##__#____###__

_##__
#__#_
#__#_
####_
#__#_
#__#_

####_
#____
###__
#____
#____
#____

###__
#__#_
###__
#__#_
#__#_
###__

#__#_
#__#_
#__#_
#__#_
#__#_
_##__

###__
#__#_
#__#_
###__
#____
#____

####_
___#_
__#__
_#___
#____
####_

###__
#__#_
###__
#__#_
#__#_
###__

__##_
___#_
___#_
___#_
#__#_
_##__

###__
#__#_
#__#_
###__
#____
#____

_###_
#____
#____
_##__
___#_
###__
